<?xml version="1.0" encoding="UTF-8"?>
<!-- Generated by org.testng.reporters.JUnitXMLReporter -->
<testsuite hostname="DESKTOP-69A82KC" ignored="0" name="LoginTest" tests="3" failures="0" timestamp="06 Mar 2021 16:08:14 GMT" time="54.295" errors="0">
  <testcase name="verifyLoginPageTitleTest" time="0.077" classname="com.jtaf.qa.test.LoginPageTest"/>
  <testcase name="verifyLoginPageHeaderTest" time="0.463" classname="com.jtaf.qa.test.LoginPageTest"/>
  <testcase name="verifyLoginTest" time="11.667" classname="com.jtaf.qa.test.LoginPageTest"/>
</testsuite> <!-- LoginTest -->
