<?xml version="1.0" encoding="UTF-8"?>
<!-- Generated by org.testng.reporters.JUnitXMLReporter -->
<testsuite hostname="DESKTOP-69A82KC" ignored="2" name="LoginTest" tests="1" failures="0" timestamp="20 Mar 2021 14:15:54 GMT" time="31.422" errors="0">
  <testcase name="verifyLoginTest" time="12.613" classname="com.jtaf.qa.test.LoginPageTest"/>
  <testcase name="verifyLoginPageTitleTest" time="0.0" classname="com.jtaf.qa.test.LoginPageTest">
    <ignored/>
  </testcase> <!-- verifyLoginPageTitleTest -->
  <testcase name="verifyLoginPageHeaderTest" time="0.0" classname="com.jtaf.qa.test.LoginPageTest">
    <ignored/>
  </testcase> <!-- verifyLoginPageHeaderTest -->
</testsuite> <!-- LoginTest -->
