<?xml version="1.0" encoding="UTF-8"?>
<testng-results skipped="0" failed="0" ignored="0" total="1" passed="1">
  <reporter-output>
  </reporter-output>
  <suite name="testNGSuite" duration-ms="26143" started-at="2021-03-20T07:06:36Z" finished-at="2021-03-20T07:07:03Z">
    <groups>
    </groups>
    <test name="LoginTest" duration-ms="26143" started-at="2021-03-20T07:06:36Z" finished-at="2021-03-20T07:07:03Z">
      <class name="com.jtaf.qa.test.LoginPageTest">
        <test-method status="PASS" signature="init()[pri:0, instance:com.jtaf.qa.test.LoginPageTest@2286778]" name="init" is-config="true" duration-ms="18" started-at="2021-03-20T07:06:36Z" finished-at="2021-03-20T07:06:36Z">
          <reporter-output>
          </reporter-output>
        </test-method> <!-- init -->
        <test-method status="PASS" signature="setUpTest(java.lang.String)[pri:0, instance:com.jtaf.qa.test.LoginPageTest@2286778]" name="setUpTest" is-config="true" duration-ms="7306" started-at="2021-03-20T07:06:36Z" finished-at="2021-03-20T07:06:44Z">
          <params>
            <param index="0">
              <value>
                <![CDATA[chrome]]>
              </value>
            </param>
          </params>
          <reporter-output>
          </reporter-output>
        </test-method> <!-- setUpTest -->
        <test-method status="PASS" signature="verifyLoginTest()[pri:3, instance:com.jtaf.qa.test.LoginPageTest@2286778]" name="verifyLoginTest" duration-ms="18664" started-at="2021-03-20T07:06:44Z" finished-at="2021-03-20T07:07:02Z">
          <reporter-output>
          </reporter-output>
        </test-method> <!-- verifyLoginTest -->
        <test-method status="PASS" signature="tearDown()[pri:0, instance:com.jtaf.qa.test.LoginPageTest@2286778]" name="tearDown" is-config="true" duration-ms="149" started-at="2021-03-20T07:07:02Z" finished-at="2021-03-20T07:07:03Z">
          <reporter-output>
          </reporter-output>
        </test-method> <!-- tearDown -->
        <test-method status="PASS" signature="exit()[pri:0, instance:com.jtaf.qa.test.LoginPageTest@2286778]" name="exit" is-config="true" duration-ms="627" started-at="2021-03-20T07:07:03Z" finished-at="2021-03-20T07:07:03Z">
          <reporter-output>
          </reporter-output>
        </test-method> <!-- exit -->
      </class> <!-- com.jtaf.qa.test.LoginPageTest -->
    </test> <!-- LoginTest -->
  </suite> <!-- testNGSuite -->
</testng-results>
